#
# A fatal error has been detected by the Java Runtime Environment:
#
#  Internal Error (os_windows_x86.cpp:144), pid=14916, tid=0x00000000000022c8
#  guarantee(result == EXCEPTION_CONTINUE_EXECUTION) failed: Unexpected result from topLevelExceptionFilter
#
# JRE version: Java(TM) SE Runtime Environment (8.0_271-b09) (build 1.8.0_271-b09)
# Java VM: Java HotSpot(TM) 64-Bit Server VM (25.271-b09 mixed mode windows-amd64 compressed oops)
# Failed to write core dump. Minidumps are not enabled by default on client versions of Windows
#
# If you would like to submit a bug report, please visit:
#   http://bugreport.java.com/bugreport/crash.jsp
# The crash happened outside the Java Virtual Machine in native code.
# See problematic frame for where to report the bug.
#

---------------  T H R E A D  ---------------

Current thread (0x00000268c9047800):  JavaThread "Python Reference Queue" daemon [_thread_in_native, id=8904, stack(0x0000009b34170000,0x0000009b34360000)]

Stack: [0x0000009b34170000,0x0000009b34360000]
Native frames: (J=compiled Java code, j=interpreted, Vv=VM code, C=native code)
C  0x000000006b50f6c9
C  0x000000006b456122
C  0x000000006b456dcd
C  0x000000006b44d787
C  0x000000006b50f34c
C  [ntdll.dll+0xa217f]
C  [ntdll.dll+0x51454]
C  [ntdll.dll+0xa0cae]
C  [tcl86t.dll+0xe96eb]
C  [tcl86t.dll+0xe972b]
C  [tcl86t.dll+0x12cd3]
C  [tcl86t.dll+0x153ad]
C  [_tkinter.pyd+0x414c]
C  [python36.dll+0x309f6]
C  [python36.dll+0x26856]
C  [python36.dll+0x309f6]
C  [python36.dll+0x8ef4f]
C  [python36.dll+0x244f3]
C  [python36.dll+0x3f2c0]
C  [python36.dll+0x3eee8]
C  [python36.dll+0x3e627]
C  0x00007ffb807aad54
C  0x00000268c9f49f4e

Java frames: (J=compiled Java code, j=interpreted, Vv=VM code)
j  org.jpype.ref.JPypeReferenceNative.wake()V+0
j  org.jpype.ref.JPypeReferenceQueue$Worker.run()V+42
j  java.lang.Thread.run()V+11
v  ~StubRoutines::call_stub

---------------  P R O C E S S  ---------------

Java Threads: ( => current thread )
=>0x00000268c9047800 JavaThread "Python Reference Queue" daemon [_thread_in_native, id=8904, stack(0x0000009b34170000,0x0000009b34360000)]
  0x00000268c8f89800 JavaThread "Service Thread" daemon [_thread_blocked, id=16388, stack(0x0000009b33d90000,0x0000009b33f80000)]
  0x00000268c8ee7000 JavaThread "C1 CompilerThread3" daemon [_thread_blocked, id=20876, stack(0x0000009b33ba0000,0x0000009b33d90000)]
  0x00000268c8ee6000 JavaThread "C2 CompilerThread2" daemon [_thread_blocked, id=14988, stack(0x0000009b339b0000,0x0000009b33ba0000)]
  0x00000268c8ee5800 JavaThread "C2 CompilerThread1" daemon [_thread_blocked, id=3480, stack(0x0000009b337c0000,0x0000009b339b0000)]
  0x00000268c8ee4800 JavaThread "C2 CompilerThread0" daemon [_thread_blocked, id=24768, stack(0x0000009b335d0000,0x0000009b337c0000)]
  0x00000268c8ee3000 JavaThread "Attach Listener" daemon [_thread_blocked, id=18532, stack(0x0000009b333e0000,0x0000009b335d0000)]
  0x00000268c8ed2000 JavaThread "Signal Dispatcher" daemon [_thread_blocked, id=30188, stack(0x0000009b331f0000,0x0000009b333e0000)]
  0x00000268c8ea6000 JavaThread "Finalizer" daemon [_thread_blocked, id=7600, stack(0x0000009b33000000,0x0000009b331f0000)]
  0x00000268c8e9d800 JavaThread "Reference Handler" daemon [_thread_blocked, id=26568, stack(0x0000009b32e10000,0x0000009b33000000)]
  0x00000268c8b94800 JavaThread "main" [_thread_in_Java, id=29612, stack(0x0000009b2f200000,0x0000009b2f3f0000)]

Other Threads:
  0x00000268b8cd5000 VMThread [stack: 0x0000009b32c20000,0x0000009b32e10000] [id=20356]
  0x00000268b8cdc000 WatcherThread [stack: 0x0000009b33f80000,0x0000009b34170000] [id=25716]

VM state:not at safepoint (normal execution)

VM Mutex/Monitor currently owned by a thread: None

heap address: 0x00000000c0000000, size: 1024 MB, Compressed Oops mode: 32-bit
Narrow klass base: 0x0000000000000000, Narrow klass shift: 3
Compressed class space size: 1073741824 Address: 0x0000000100000000

Heap:
 PSYoungGen      total 266752K, used 74573K [0x00000000eab00000, 0x00000000fb180000, 0x0000000100000000)
  eden space 264704K, 28% used [0x00000000eab00000,0x00000000ef3636e0,0x00000000fad80000)
  from space 2048K, 21% used [0x00000000faf80000,0x00000000faff0000,0x00000000fb180000)
  to   space 2048K, 0% used [0x00000000fad80000,0x00000000fad80000,0x00000000faf80000)
 ParOldGen       total 631296K, used 516651K [0x00000000c0000000, 0x00000000e6880000, 0x00000000eab00000)
  object space 631296K, 81% used [0x00000000c0000000,0x00000000df88aca8,0x00000000e6880000)
 Metaspace       used 14806K, capacity 15392K, committed 15616K, reserved 1062912K
  class space    used 2130K, capacity 2279K, committed 2304K, reserved 1048576K

Card table byte_map: [0x00000268d92f0000,0x00000268d9500000] byte_map_base: 0x00000268d8cf0000

Marking Bits: (ParMarkBitMap*) 0x000000006b9c7fe0
 Begin Bits: [0x00000268d9660000, 0x00000268da660000)
 End Bits:   [0x00000268da660000, 0x00000268db660000)

Polling page: 0x00000268c9f00000

CodeCache: size=245760Kb used=11517Kb max_used=11676Kb free=234242Kb
 bounds [0x00000268c9f30000, 0x00000268caaf0000, 0x00000268d8f30000]
 total_blobs=3170 nmethods=2793 adapters=289
 compilation: enabled

Compilation events (10 events):
Event: 48.639 Thread 0x00000268c8ee5800 3865       4       java.util.regex.Pattern$Slice::match (79 bytes)
Event: 48.646 Thread 0x00000268c8ee5800 nmethod 3865 0x00000268ca741390 code [0x00000268ca741520, 0x00000268ca742388]
Event: 49.030 Thread 0x00000268c8ee7000 3866       3       java.nio.charset.Charset::forName (20 bytes)
Event: 49.030 Thread 0x00000268c8ee7000 nmethod 3866 0x00000268ca1d1b10 code [0x00000268ca1d1c80, 0x00000268ca1d1ea0]
Event: 49.887 Thread 0x00000268c8ee7000 3867       3       java.util.TimSort::gallopRight (335 bytes)
Event: 49.887 Thread 0x00000268c8ee7000 nmethod 3867 0x00000268ca31b890 code [0x00000268ca31ba80, 0x00000268ca31c580]
Event: 49.887 Thread 0x00000268c8ee7000 3868       3       java.util.TimSort::gallopLeft (335 bytes)
Event: 49.888 Thread 0x00000268c8ee7000 nmethod 3868 0x00000268ca1b0a50 code [0x00000268ca1b0c40, 0x00000268ca1b1720]
Event: 49.936 Thread 0x00000268c8ee4800 3869 %     4       org.snu.ids.ha.ma.Tokenizer::tokenize @ 105 (496 bytes)
Event: 49.968 Thread 0x00000268c8ee4800 nmethod 3869% 0x00000268ca6d4090 code [0x00000268ca6d4300, 0x00000268ca6d6058]

GC Heap History (10 events):
Event: 49.337 GC heap before
{Heap before GC invocations=145 (full 32):
 PSYoungGen      total 263680K, used 262464K [0x00000000eab00000, 0x00000000fae00000, 0x0000000100000000)
  eden space 262144K, 100% used [0x00000000eab00000,0x00000000fab00000,0x00000000fab00000)
  from space 1536K, 20% used [0x00000000fac80000,0x00000000facd0000,0x00000000fae00000)
  to   space 1536K, 0% used [0x00000000fab00000,0x00000000fab00000,0x00000000fac80000)
 ParOldGen       total 631296K, used 516651K [0x00000000c0000000, 0x00000000e6880000, 0x00000000eab00000)
  object space 631296K, 81% used [0x00000000c0000000,0x00000000df88aca8,0x00000000e6880000)
 Metaspace       used 14804K, capacity 15392K, committed 15616K, reserved 1062912K
  class space    used 2130K, capacity 2279K, committed 2304K, reserved 1048576K
Event: 49.338 GC heap after
Heap after GC invocations=145 (full 32):
 PSYoungGen      total 263680K, used 416K [0x00000000eab00000, 0x00000000faf00000, 0x0000000100000000)
  eden space 262144K, 0% used [0x00000000eab00000,0x00000000eab00000,0x00000000fab00000)
  from space 1536K, 27% used [0x00000000fab00000,0x00000000fab68000,0x00000000fac80000)
  to   space 1536K, 0% used [0x00000000fad80000,0x00000000fad80000,0x00000000faf00000)
 ParOldGen       total 631296K, used 516651K [0x00000000c0000000, 0x00000000e6880000, 0x00000000eab00000)
  object space 631296K, 81% used [0x00000000c0000000,0x00000000df88aca8,0x00000000e6880000)
 Metaspace       used 14804K, capacity 15392K, committed 15616K, reserved 1062912K
  class space    used 2130K, capacity 2279K, committed 2304K, reserved 1048576K
}
Event: 49.482 GC heap before
{Heap before GC invocations=146 (full 32):
 PSYoungGen      total 263680K, used 262560K [0x00000000eab00000, 0x00000000faf00000, 0x0000000100000000)
  eden space 262144K, 100% used [0x00000000eab00000,0x00000000fab00000,0x00000000fab00000)
  from space 1536K, 27% used [0x00000000fab00000,0x00000000fab68000,0x00000000fac80000)
  to   space 1536K, 0% used [0x00000000fad80000,0x00000000fad80000,0x00000000faf00000)
 ParOldGen       total 631296K, used 516651K [0x00000000c0000000, 0x00000000e6880000, 0x00000000eab00000)
  object space 631296K, 81% used [0x00000000c0000000,0x00000000df88aca8,0x00000000e6880000)
 Metaspace       used 14804K, capacity 15392K, committed 15616K, reserved 1062912K
  class space    used 2130K, capacity 2279K, committed 2304K, reserved 1048576K
Event: 49.483 GC heap after
Heap after GC invocations=146 (full 32):
 PSYoungGen      total 264704K, used 768K [0x00000000eab00000, 0x00000000faf00000, 0x0000000100000000)
  eden space 263168K, 0% used [0x00000000eab00000,0x00000000eab00000,0x00000000fac00000)
  from space 1536K, 50% used [0x00000000fad80000,0x00000000fae40000,0x00000000faf00000)
  to   space 1536K, 0% used [0x00000000fac00000,0x00000000fac00000,0x00000000fad80000)
 ParOldGen       total 631296K, used 516651K [0x00000000c0000000, 0x00000000e6880000, 0x00000000eab00000)
  object space 631296K, 81% used [0x00000000c0000000,0x00000000df88aca8,0x00000000e6880000)
 Metaspace       used 14804K, capacity 15392K, committed 15616K, reserved 1062912K
  class space    used 2130K, capacity 2279K, committed 2304K, reserved 1048576K
}
Event: 49.625 GC heap before
{Heap before GC invocations=147 (full 32):
 PSYoungGen      total 264704K, used 263936K [0x00000000eab00000, 0x00000000faf00000, 0x0000000100000000)
  eden space 263168K, 100% used [0x00000000eab00000,0x00000000fac00000,0x00000000fac00000)
  from space 1536K, 50% used [0x00000000fad80000,0x00000000fae40000,0x00000000faf00000)
  to   space 1536K, 0% used [0x00000000fac00000,0x00000000fac00000,0x00000000fad80000)
 ParOldGen       total 631296K, used 516651K [0x00000000c0000000, 0x00000000e6880000, 0x00000000eab00000)
  object space 631296K, 81% used [0x00000000c0000000,0x00000000df88aca8,0x00000000e6880000)
 Metaspace       used 14804K, capacity 15392K, committed 15616K, reserved 1062912K
  class space    used 2130K, capacity 2279K, committed 2304K, reserved 1048576K
Event: 49.626 GC heap after
Heap after GC invocations=147 (full 32):
 PSYoungGen      total 264704K, used 1232K [0x00000000eab00000, 0x00000000fb000000, 0x0000000100000000)
  eden space 263168K, 0% used [0x00000000eab00000,0x00000000eab00000,0x00000000fac00000)
  from space 1536K, 80% used [0x00000000fac00000,0x00000000fad34010,0x00000000fad80000)
  to   space 1536K, 0% used [0x00000000fae80000,0x00000000fae80000,0x00000000fb000000)
 ParOldGen       total 631296K, used 516651K [0x00000000c0000000, 0x00000000e6880000, 0x00000000eab00000)
  object space 631296K, 81% used [0x00000000c0000000,0x00000000df88aca8,0x00000000e6880000)
 Metaspace       used 14804K, capacity 15392K, committed 15616K, reserved 1062912K
  class space    used 2130K, capacity 2279K, committed 2304K, reserved 1048576K
}
Event: 49.769 GC heap before
{Heap before GC invocations=148 (full 32):
 PSYoungGen      total 264704K, used 264400K [0x00000000eab00000, 0x00000000fb000000, 0x0000000100000000)
  eden space 263168K, 100% used [0x00000000eab00000,0x00000000fac00000,0x00000000fac00000)
  from space 1536K, 80% used [0x00000000fac00000,0x00000000fad34010,0x00000000fad80000)
  to   space 1536K, 0% used [0x00000000fae80000,0x00000000fae80000,0x00000000fb000000)
 ParOldGen       total 631296K, used 516651K [0x00000000c0000000, 0x00000000e6880000, 0x00000000eab00000)
  object space 631296K, 81% used [0x00000000c0000000,0x00000000df88aca8,0x00000000e6880000)
 Metaspace       used 14804K, capacity 15392K, committed 15616K, reserved 1062912K
  class space    used 2130K, capacity 2279K, committed 2304K, reserved 1048576K
Event: 49.771 GC heap after
Heap after GC invocations=148 (full 32):
 PSYoungGen      total 265216K, used 1536K [0x00000000eab00000, 0x00000000fb100000, 0x0000000100000000)
  eden space 263680K, 0% used [0x00000000eab00000,0x00000000eab00000,0x00000000fac80000)
  from space 1536K, 100% used [0x00000000fae80000,0x00000000fb000000,0x00000000fb000000)
  to   space 2048K, 0% used [0x00000000fac80000,0x00000000fac80000,0x00000000fae80000)
 ParOldGen       total 631296K, used 516651K [0x00000000c0000000, 0x00000000e6880000, 0x00000000eab00000)
  object space 631296K, 81% used [0x00000000c0000000,0x00000000df88aca8,0x00000000e6880000)
 Metaspace       used 14804K, capacity 15392K, committed 15616K, reserved 1062912K
  class space    used 2130K, capacity 2279K, committed 2304K, reserved 1048576K
}
Event: 49.923 GC heap before
{Heap before GC invocations=149 (full 32):
 PSYoungGen      total 265216K, used 265216K [0x00000000eab00000, 0x00000000fb100000, 0x0000000100000000)
  eden space 263680K, 100% used [0x00000000eab00000,0x00000000fac80000,0x00000000fac80000)
  from space 1536K, 100% used [0x00000000fae80000,0x00000000fb000000,0x00000000fb000000)
  to   space 2048K, 0% used [0x00000000fac80000,0x00000000fac80000,0x00000000fae80000)
 ParOldGen       total 631296K, used 516651K [0x00000000c0000000, 0x00000000e6880000, 0x00000000eab00000)
  object space 631296K, 81% used [0x00000000c0000000,0x00000000df88aca8,0x00000000e6880000)
 Metaspace       used 14806K, capacity 15392K, committed 15616K, reserved 1062912K
  class space    used 2130K, capacity 2279K, committed 2304K, reserved 1048576K
Event: 49.924 GC heap after
Heap after GC invocations=149 (full 32):
 PSYoungGen      total 265728K, used 192K [0x00000000eab00000, 0x00000000fb180000, 0x0000000100000000)
  eden space 263680K, 0% used [0x00000000eab00000,0x00000000eab00000,0x00000000fac80000)
  from space 2048K, 9% used [0x00000000fac80000,0x00000000facb0000,0x00000000fae80000)
  to   space 2048K, 0% used [0x00000000faf80000,0x00000000faf80000,0x00000000fb180000)
 ParOldGen       total 631296K, used 516651K [0x00000000c0000000, 0x00000000e6880000, 0x00000000eab00000)
  object space 631296K, 81% used [0x00000000c0000000,0x00000000df88aca8,0x00000000e6880000)
 Metaspace       used 14806K, capacity 15392K, committed 15616K, reserved 1062912K
  class space    used 2130K, capacity 2279K, committed 2304K, reserved 1048576K
}

Deoptimization events (10 events):
Event: 41.927 Thread 0x00000268c8b94800 Uncommon trap: reason=unstable_if action=reinterpret pc=0x00000268ca90aec0 method=java.util.ComparableTimSort.mergeLo(IIII)V @ 510
Event: 42.337 Thread 0x00000268c8b94800 Uncommon trap: reason=unstable_if action=reinterpret pc=0x00000268ca8dc1f0 method=java.util.regex.Pattern$Ques.match(Ljava/util/regex/Matcher;ILjava/lang/CharSequence;)Z @ 42
Event: 42.341 Thread 0x00000268c8b94800 Uncommon trap: reason=unstable_if action=reinterpret pc=0x00000268ca8df0ac method=java.util.ComparableTimSort.mergeCollapse()V @ 61
Event: 42.341 Thread 0x00000268c8b94800 Uncommon trap: reason=class_check action=maybe_recompile pc=0x00000268ca8b8578 method=java.util.ComparableTimSort.mergeHi(IIII)V @ 214
Event: 42.341 Thread 0x00000268c8b94800 Uncommon trap: reason=predicate action=maybe_recompile pc=0x00000268ca9b9a00 method=java.util.ComparableTimSort.gallopRight(Ljava/lang/Comparable;[Ljava/lang/Object;III)I @ 63
Event: 42.341 Thread 0x00000268c8b94800 Uncommon trap: reason=class_check action=maybe_recompile pc=0x00000268ca8b8578 method=java.util.ComparableTimSort.mergeHi(IIII)V @ 214
Event: 42.473 Thread 0x00000268c8b94800 Uncommon trap: reason=unstable_if action=reinterpret pc=0x00000268ca8618b4 method=org.snu.ids.ha.ma.MExpression.pruneWithNext(Lorg/snu/ids/ha/ma/MExpression;)V @ 102
Event: 42.478 Thread 0x00000268c8b94800 Uncommon trap: reason=unstable_if action=reinterpret pc=0x00000268caa3aa3c method=org.snu.ids.ha.ma.MorphemeAnalyzer.analyze(Lorg/snu/ids/ha/ma/MExpression;Lorg/snu/ids/ha/ma/Token;)Ljava/util/List; @ 692
Event: 43.874 Thread 0x00000268c8b94800 Uncommon trap: reason=unstable_if action=reinterpret pc=0x00000268ca05b014 method=org.snu.ids.ha.ma.MExpression.isOneEojeolCheckable()Z @ 57
Event: 46.607 Thread 0x00000268c8b94800 Uncommon trap: reason=range_check action=make_not_entrant pc=0x00000268caaab570 method=java.util.ArrayList.elementData(I)Ljava/lang/Object; @ 5

Classes redefined (0 events):
No events

Internal exceptions (10 events):
Event: 14.584 Thread 0x00000268c8b94800 Exception <a 'java/lang/NoSuchMethodError': java.lang.Object.$anonfun$sum$1(Lscala/math/Numeric;Ljava/lang/Object;Ljava/lang/Object;)Ljava/lang/Object;> (0x00000000ec15c700) thrown at [C:\jenkins\workspace\8-2-build-windows-amd64-cygwin\jdk8u271\605\hotsp
Event: 14.640 Thread 0x00000268c8b94800 Exception <a 'java/lang/NoSuchMethodError': java.lang.Object.$anonfun$releaseVersion$1$adapted(Ljava/lang/String;)Ljava/lang/Object;> (0x00000000ee4f0e80) thrown at [C:\jenkins\workspace\8-2-build-windows-amd64-cygwin\jdk8u271\605\hotspot\src\share\vm\int
Event: 14.641 Thread 0x00000268c8b94800 Exception <a 'java/lang/NoSuchMethodError': java.lang.Object.$anonfun$releaseVersion$2(Ljava/lang/String;)Ljava/lang/String;> (0x00000000ee4fb5a8) thrown at [C:\jenkins\workspace\8-2-build-windows-amd64-cygwin\jdk8u271\605\hotspot\src\share\vm\interpreter
Event: 14.641 Thread 0x00000268c8b94800 Exception <a 'java/lang/NoSuchMethodError': java.lang.Object.$anonfun$developmentVersion$1$adapted(Ljava/lang/String;)Ljava/lang/Object;> (0x00000000ee4ff740) thrown at [C:\jenkins\workspace\8-2-build-windows-amd64-cygwin\jdk8u271\605\hotspot\src\share\vm
Event: 14.641 Thread 0x00000268c8b94800 Exception <a 'java/lang/NoSuchMethodError': java.lang.Object.$anonfun$developmentVersion$2(Lscala/util/PropertiesTrait;Ljava/lang/String;)Lscala/Option;> (0x00000000ee503508) thrown at [C:\jenkins\workspace\8-2-build-windows-amd64-cygwin\jdk8u271\605\hots
Event: 14.657 Thread 0x00000268c8b94800 Exception <a 'java/lang/NoSuchMethodError': java.lang.Object.$anonfun$distinct$1(Lscala/collection/mutable/Builder;Lscala/collection/mutable/HashSet;Ljava/lang/Object;)Ljava/lang/Object;> (0x00000000ee584730) thrown at [C:\jenkins\workspace\8-2-build-wind
Event: 16.310 Thread 0x00000268c8b94800 Exception <a 'java/lang/NoSuchMethodError': java.lang.Object.$anonfun$filterImpl$1(Lscala/Function1;ZLscala/collection/mutable/Builder;Ljava/lang/Object;)Ljava/lang/Object;> (0x00000000f6105758) thrown at [C:\jenkins\workspace\8-2-build-windows-amd64-cygw
Event: 25.576 Thread 0x00000268c8b94800 Implicit null exception at 0x00000268ca38c343 to 0x00000268ca38c7f9
Event: 25.711 Thread 0x00000268c8b94800 Implicit null exception at 0x00000268ca38afaf to 0x00000268ca38b121
Event: 25.757 Thread 0x00000268c8b94800 Implicit null exception at 0x00000268ca41b9a0 to 0x00000268ca41ba12

Events (10 events):
Event: 49.888 Thread 0x00000268c8ee7000 flushing nmethod 0x00000268ca2ec110
Event: 49.923 Executing VM operation: ParallelGCFailedAllocation
Event: 49.924 Executing VM operation: ParallelGCFailedAllocation done
Event: 49.968 Thread 0x00000268c8ee4800 flushing nmethod 0x00000268ca2fb210
Event: 49.968 Thread 0x00000268c8ee4800 flushing nmethod 0x00000268ca305bd0
Event: 49.968 Thread 0x00000268c8ee4800 flushing nmethod 0x00000268ca346c90
Event: 49.968 Thread 0x00000268c8ee4800 flushing nmethod 0x00000268ca37f790
Event: 49.968 Thread 0x00000268c8ee4800 flushing nmethod 0x00000268ca382e90
Event: 49.968 Thread 0x00000268c8ee4800 flushing nmethod 0x00000268ca38a690
Event: 49.968 Thread 0x00000268c8ee4800 flushing nmethod 0x00000268ca38bf90


Dynamic libraries:
0x000000001c310000 - 0x000000001c32b000 	C:\Users\ngcc\.conda\envs\cub\python.exe
0x00007ffbf0290000 - 0x00007ffbf0485000 	C:\windows\SYSTEM32\ntdll.dll
0x00007ffbf0190000 - 0x00007ffbf024d000 	C:\windows\System32\KERNEL32.DLL
0x00007ffbedf80000 - 0x00007ffbee249000 	C:\windows\System32\KERNELBASE.dll
0x00007ffbeb2a0000 - 0x00007ffbeb330000 	C:\windows\SYSTEM32\apphelp.dll
0x00007ffbedc00000 - 0x00007ffbedd00000 	C:\windows\System32\ucrtbase.dll
0x00007ffbdb890000 - 0x00007ffbdb8a9000 	C:\Users\ngcc\.conda\envs\cub\VCRUNTIME140.dll
0x000000006c000000 - 0x000000006c3a3000 	C:\Users\ngcc\.conda\envs\cub\python36.dll
0x00007ffbee8c0000 - 0x00007ffbee915000 	C:\windows\System32\SHLWAPI.dll
0x00007ffbefe40000 - 0x00007ffbefede000 	C:\windows\System32\msvcrt.dll
0x00007ffbef8f0000 - 0x00007ffbef95b000 	C:\windows\System32\WS2_32.dll
0x00007ffbe7ed0000 - 0x00007ffbe7eda000 	C:\windows\SYSTEM32\VERSION.dll
0x00007ffbef060000 - 0x00007ffbef18a000 	C:\windows\System32\RPCRT4.dll
0x00007ffbee5a0000 - 0x00007ffbee64c000 	C:\windows\System32\ADVAPI32.dll
0x00007ffbf0030000 - 0x00007ffbf00cb000 	C:\windows\System32\sechost.dll
0x00007ffbed390000 - 0x00007ffbed3a8000 	C:\windows\SYSTEM32\CRYPTSP.dll
0x00007ffbecad0000 - 0x00007ffbecb04000 	C:\windows\system32\rsaenh.dll
0x00007ffbedbd0000 - 0x00007ffbedbf7000 	C:\windows\System32\bcrypt.dll
0x00007ffbed380000 - 0x00007ffbed38c000 	C:\windows\SYSTEM32\CRYPTBASE.dll
0x00007ffbedd30000 - 0x00007ffbeddb3000 	C:\windows\System32\bcryptPrimitives.dll
0x00007ffbe6d50000 - 0x00007ffbe6d5f000 	C:\Users\ngcc\.conda\envs\cub\python3.DLL
0x000000006bfe0000 - 0x000000006bff4000 	C:\Users\ngcc\.conda\envs\cub\DLLs\_socket.pyd
0x000000006d550000 - 0x000000006d559000 	C:\Users\ngcc\.conda\envs\cub\DLLs\select.pyd
0x000000006bf90000 - 0x000000006bfd4000 	C:\Users\ngcc\.conda\envs\cub\DLLs\_decimal.pyd
0x00007ffbc0760000 - 0x00007ffbc0902000 	C:\Users\ngcc\.conda\envs\cub\DLLs\_hashlib.pyd
0x00007ffbee720000 - 0x00007ffbee8c0000 	C:\windows\System32\USER32.dll
0x00007ffbedd00000 - 0x00007ffbedd22000 	C:\windows\System32\win32u.dll
0x00007ffbefee0000 - 0x00007ffbeff0a000 	C:\windows\System32\GDI32.dll
0x00007ffbed9d0000 - 0x00007ffbedadb000 	C:\windows\System32\gdi32full.dll
0x00007ffbedb30000 - 0x00007ffbedbcd000 	C:\windows\System32\msvcp_win.dll
0x00007ffbf0160000 - 0x00007ffbf0190000 	C:\windows\System32\IMM32.DLL
0x00007ffb8a9a0000 - 0x00007ffb8abb1000 	C:\Users\ngcc\.conda\envs\cub\DLLs\_ssl.pyd
0x00007ffbede20000 - 0x00007ffbedf7f000 	C:\windows\System32\CRYPT32.dll
0x00007ffbda410000 - 0x00007ffbda442000 	C:\Users\ngcc\.conda\envs\cub\DLLs\pyexpat.pyd
0x000000006bf70000 - 0x000000006bf88000 	C:\Users\ngcc\.conda\envs\cub\DLLs\_bz2.pyd
0x00007ffbd3960000 - 0x00007ffbd39a1000 	C:\Users\ngcc\.conda\envs\cub\DLLs\_lzma.pyd
0x000000006bf40000 - 0x000000006bf63000 	C:\Users\ngcc\.conda\envs\cub\DLLs\_ctypes.pyd
0x00007ffbef190000 - 0x00007ffbef2ba000 	C:\windows\System32\ole32.dll
0x00007ffbef370000 - 0x00007ffbef6c5000 	C:\windows\System32\combase.dll
0x00007ffbee650000 - 0x00007ffbee71d000 	C:\windows\System32\OLEAUT32.dll
0x00007ffbee920000 - 0x00007ffbef05f000 	C:\windows\System32\shell32.DLL
0x000000006bf20000 - 0x000000006bf37000 	C:\Users\ngcc\.conda\envs\cub\DLLs\_sqlite3.pyd
0x00007ffb8b560000 - 0x00007ffb8b6be000 	C:\Users\ngcc\.conda\envs\cub\Library\bin\sqlite3.dll
0x000000006bf10000 - 0x000000006bf1d000 	C:\Users\ngcc\.conda\envs\cub\DLLs\_overlapped.pyd
0x00007ffbed1a0000 - 0x00007ffbed20a000 	C:\windows\system32\mswsock.dll
0x000000006bf00000 - 0x000000006bf0a000 	C:\Users\ngcc\.conda\envs\cub\DLLs\_multiprocessing.pyd
0x00007ffbe4980000 - 0x00007ffbe4990000 	C:\Users\ngcc\.conda\envs\cub\DLLs\_asyncio.pyd
0x000000006be20000 - 0x000000006befe000 	C:\Users\ngcc\.conda\envs\cub\DLLs\unicodedata.pyd
0x00007ffbc8430000 - 0x00007ffbc849a000 	C:\Program Files\JetBrains\PyCharm Community Edition 2020.3.3\plugins\python-ce\helpers\pydev\_pydevd_bundle\pydevd_cython_win32_36_64.cp36-win_amd64.pyd
0x00007ffbdb2d0000 - 0x00007ffbdb2ee000 	C:\Program Files\JetBrains\PyCharm Community Edition 2020.3.3\plugins\python-ce\helpers\pydev\_pydevd_frame_eval\pydevd_frame_evaluator_common.cp36-win_amd64.pyd
0x00007ffbda500000 - 0x00007ffbda514000 	C:\Program Files\JetBrains\PyCharm Community Edition 2020.3.3\plugins\python-ce\helpers\pydev\_pydevd_frame_eval\pydevd_frame_evaluator_win32_36_64.cp36-win_amd64.pyd
0x00007ffbeb920000 - 0x00007ffbeb932000 	C:\windows\SYSTEM32\kernel.appcore.dll
0x0000000071080000 - 0x0000000072e11000 	C:\Users\ngcc\.conda\envs\cub\lib\site-packages\numpy\.libs\libopenblas.WCDJNK7YVMPZQ2ME2ZZHJJRJ3JIKNDB7.gfortran-win_amd64.dll
0x00007ffb8a6d0000 - 0x00007ffb8a999000 	C:\Users\ngcc\.conda\envs\cub\lib\site-packages\numpy\core\_multiarray_umath.cp36-win_amd64.pyd
0x00007ffbda460000 - 0x00007ffbda47f000 	C:\Users\ngcc\.conda\envs\cub\lib\site-packages\numpy\core\_multiarray_tests.cp36-win_amd64.pyd
0x00007ffbe2f70000 - 0x00007ffbe2f79000 	C:\Users\ngcc\.conda\envs\cub\lib\site-packages\numpy\linalg\lapack_lite.cp36-win_amd64.pyd
0x00007ffbd0590000 - 0x00007ffbd05ba000 	C:\Users\ngcc\.conda\envs\cub\lib\site-packages\numpy\linalg\_umath_linalg.cp36-win_amd64.pyd
0x00007ffbd0570000 - 0x00007ffbd0590000 	C:\Users\ngcc\.conda\envs\cub\lib\site-packages\numpy\fft\_pocketfft_internal.cp36-win_amd64.pyd
0x00007ffbc83a0000 - 0x00007ffbc842f000 	C:\Users\ngcc\.conda\envs\cub\lib\site-packages\numpy\random\mtrand.cp36-win_amd64.pyd
0x00007ffbc78b0000 - 0x00007ffbc78da000 	C:\Users\ngcc\.conda\envs\cub\lib\site-packages\numpy\random\bit_generator.cp36-win_amd64.pyd
0x00007ffbc3e70000 - 0x00007ffbc3ea1000 	C:\Users\ngcc\.conda\envs\cub\lib\site-packages\numpy\random\_common.cp36-win_amd64.pyd
0x00007ffbc0720000 - 0x00007ffbc0760000 	C:\Users\ngcc\.conda\envs\cub\lib\site-packages\numpy\random\_bounded_integers.cp36-win_amd64.pyd
0x00007ffbc8380000 - 0x00007ffbc8398000 	C:\Users\ngcc\.conda\envs\cub\lib\site-packages\numpy\random\_mt19937.cp36-win_amd64.pyd
0x00007ffbc7890000 - 0x00007ffbc78a7000 	C:\Users\ngcc\.conda\envs\cub\lib\site-packages\numpy\random\_philox.cp36-win_amd64.pyd
0x00007ffbc09c0000 - 0x00007ffbc09d5000 	C:\Users\ngcc\.conda\envs\cub\lib\site-packages\numpy\random\_pcg64.cp36-win_amd64.pyd
0x00007ffbbd6e0000 - 0x00007ffbbd6f2000 	C:\Users\ngcc\.conda\envs\cub\lib\site-packages\numpy\random\_sfc64.cp36-win_amd64.pyd
0x00007ffbb13f0000 - 0x00007ffbb1494000 	C:\Users\ngcc\.conda\envs\cub\lib\site-packages\numpy\random\_generator.cp36-win_amd64.pyd
0x00007ffb97cb0000 - 0x00007ffb97dbd000 	C:\Users\ngcc\.conda\envs\cub\lib\site-packages\pandas\_libs\interval.cp36-win_amd64.pyd
0x00007ffb9c540000 - 0x00007ffb9c5c1000 	C:\Users\ngcc\.conda\envs\cub\lib\site-packages\pandas\_libs\hashtable.cp36-win_amd64.pyd
0x00007ffbbd6b0000 - 0x00007ffbbd6db000 	C:\Users\ngcc\.conda\envs\cub\lib\site-packages\pandas\_libs\missing.cp36-win_amd64.pyd
0x00007ffbbd690000 - 0x00007ffbbd6ad000 	C:\Users\ngcc\.conda\envs\cub\lib\site-packages\pandas\_libs\tslibs\dtypes.cp36-win_amd64.pyd
0x00007ffbb8120000 - 0x00007ffbb815c000 	C:\Users\ngcc\.conda\envs\cub\lib\site-packages\pandas\_libs\tslibs\conversion.cp36-win_amd64.pyd
0x00007ffbdb880000 - 0x00007ffbdb88f000 	C:\Users\ngcc\.conda\envs\cub\lib\site-packages\pandas\_libs\tslibs\base.cp36-win_amd64.pyd
0x00007ffbbd660000 - 0x00007ffbbd68f000 	C:\Users\ngcc\.conda\envs\cub\lib\site-packages\pandas\_libs\tslibs\nattype.cp36-win_amd64.pyd
0x00007ffbdb360000 - 0x00007ffbdb36f000 	C:\Users\ngcc\.conda\envs\cub\lib\site-packages\pandas\_libs\tslibs\np_datetime.cp36-win_amd64.pyd
0x00007ffbb5130000 - 0x00007ffbb5164000 	C:\Users\ngcc\.conda\envs\cub\lib\site-packages\pandas\_libs\tslibs\timezones.cp36-win_amd64.pyd
0x00007ffbb13b0000 - 0x00007ffbb13eb000 	C:\Users\ngcc\.conda\envs\cub\lib\site-packages\pandas\_libs\tslibs\tzconversion.cp36-win_amd64.pyd
0x00007ffbbc7b0000 - 0x00007ffbbc7c2000 	C:\Users\ngcc\.conda\envs\cub\lib\site-packages\pandas\_libs\tslibs\ccalendar.cp36-win_amd64.pyd
0x00007ffba84a0000 - 0x00007ffba84f1000 	C:\Users\ngcc\.conda\envs\cub\lib\site-packages\pandas\_libs\tslibs\parsing.cp36-win_amd64.pyd
0x00007ffb8a600000 - 0x00007ffb8a6c5000 	C:\Users\ngcc\.conda\envs\cub\lib\site-packages\pandas\_libs\tslibs\offsets.cp36-win_amd64.pyd
0x00007ffb9b6e0000 - 0x00007ffb9b73d000 	C:\Users\ngcc\.conda\envs\cub\lib\site-packages\pandas\_libs\tslibs\timedeltas.cp36-win_amd64.pyd
0x00007ffb97fd0000 - 0x00007ffb9802f000 	C:\Users\ngcc\.conda\envs\cub\lib\site-packages\pandas\_libs\tslibs\timestamps.cp36-win_amd64.pyd
0x00007ffbb1370000 - 0x00007ffbb13ac000 	C:\Users\ngcc\.conda\envs\cub\lib\site-packages\pandas\_libs\tslibs\fields.cp36-win_amd64.pyd
0x00007ffb9a8d0000 - 0x00007ffb9a91d000 	C:\Users\ngcc\.conda\envs\cub\lib\site-packages\pandas\_libs\tslibs\strptime.cp36-win_amd64.pyd
0x00007ffbb5110000 - 0x00007ffbb5123000 	C:\Users\ngcc\.conda\envs\cub\lib\site-packages\pandas\_libs\properties.cp36-win_amd64.pyd
0x00007ffb97aa0000 - 0x00007ffb97af9000 	C:\Users\ngcc\.conda\envs\cub\lib\site-packages\pandas\_libs\tslibs\period.cp36-win_amd64.pyd
0x00007ffb97e90000 - 0x00007ffb97ec4000 	C:\Users\ngcc\.conda\envs\cub\lib\site-packages\pandas\_libs\tslibs\vectorized.cp36-win_amd64.pyd
0x00007ffbb5080000 - 0x00007ffbb5092000 	C:\Users\ngcc\.conda\envs\cub\lib\site-packages\pandas\_libs\ops_dispatch.cp36-win_amd64.pyd
0x00007ffb83220000 - 0x00007ffb8334e000 	C:\Users\ngcc\.conda\envs\cub\lib\site-packages\pandas\_libs\algos.cp36-win_amd64.pyd
0x00007ffb972d0000 - 0x00007ffb9733f000 	C:\Users\ngcc\.conda\envs\cub\lib\site-packages\pandas\_libs\lib.cp36-win_amd64.pyd
0x00007ffba9d60000 - 0x00007ffba9d86000 	C:\Users\ngcc\.conda\envs\cub\lib\site-packages\pandas\_libs\tslib.cp36-win_amd64.pyd
0x00007ffba92a0000 - 0x00007ffba92cb000 	C:\Users\ngcc\.conda\envs\cub\lib\site-packages\pandas\_libs\hashing.cp36-win_amd64.pyd
0x00007ffb97c70000 - 0x00007ffb97ca2000 	C:\Users\ngcc\.conda\envs\cub\lib\site-packages\pandas\_libs\ops.cp36-win_amd64.pyd
0x00007ffb8b4e0000 - 0x00007ffb8b553000 	C:\Users\ngcc\.conda\envs\cub\lib\site-packages\pandas\_libs\index.cp36-win_amd64.pyd
0x00007ffb83040000 - 0x00007ffb83212000 	C:\Users\ngcc\.conda\envs\cub\lib\site-packages\pandas\_libs\join.cp36-win_amd64.pyd
0x00007ffb89c40000 - 0x00007ffb89d06000 	C:\Users\ngcc\.conda\envs\cub\lib\site-packages\pandas\_libs\sparse.cp36-win_amd64.pyd
0x00007ffb97a60000 - 0x00007ffb97a9c000 	C:\Users\ngcc\.conda\envs\cub\lib\site-packages\pandas\_libs\reshape.cp36-win_amd64.pyd
0x00007ffbdb330000 - 0x00007ffbdb340000 	C:\Users\ngcc\.conda\envs\cub\lib\site-packages\pandas\_libs\indexing.cp36-win_amd64.pyd
0x00007ffb8b3d0000 - 0x00007ffb8b401000 	C:\Users\ngcc\.conda\envs\cub\lib\site-packages\pandas\_libs\writers.cp36-win_amd64.pyd
0x00007ffb8b390000 - 0x00007ffb8b3c8000 	C:\Users\ngcc\.conda\envs\cub\lib\site-packages\pandas\_libs\internals.cp36-win_amd64.pyd
0x00007ffb82fe0000 - 0x00007ffb83036000 	C:\Users\ngcc\.conda\envs\cub\lib\site-packages\pandas\_libs\window\aggregations.cp36-win_amd64.pyd
0x00007ffb82f40000 - 0x00007ffb82fdb000 	C:\Users\ngcc\.conda\envs\cub\lib\site-packages\pandas\_libs\window\MSVCP140.dll
0x00007ffba6fd0000 - 0x00007ffba6ff9000 	C:\Users\ngcc\.conda\envs\cub\lib\site-packages\pandas\_libs\window\indexers.cp36-win_amd64.pyd
0x00007ffb82e60000 - 0x00007ffb82f40000 	C:\Users\ngcc\.conda\envs\cub\lib\site-packages\pandas\_libs\groupby.cp36-win_amd64.pyd
0x00007ffb8af80000 - 0x00007ffb8afc4000 	C:\Users\ngcc\.conda\envs\cub\lib\site-packages\pandas\_libs\reduction.cp36-win_amd64.pyd
0x00007ffb82df0000 - 0x00007ffb82e5a000 	C:\Users\ngcc\.conda\envs\cub\lib\site-packages\pandas\_libs\parsers.cp36-win_amd64.pyd
0x00007ffbb0b60000 - 0x00007ffbb0b75000 	C:\Users\ngcc\.conda\envs\cub\lib\site-packages\pandas\_libs\json.cp36-win_amd64.pyd
0x00007ffbb0ae0000 - 0x00007ffbb0af6000 	C:\Users\ngcc\.conda\envs\cub\lib\site-packages\pandas\_libs\testing.cp36-win_amd64.pyd
0x00007ffb82d50000 - 0x00007ffb82dea000 	C:\Users\ngcc\.conda\envs\cub\lib\site-packages\matplotlib\ft2font.cp36-win_amd64.pyd
0x00007ffb97c00000 - 0x00007ffb97c22000 	C:\Users\ngcc\.conda\envs\cub\lib\site-packages\kiwisolver.cp36-win_amd64.pyd
0x00007ffb8b4b0000 - 0x00007ffb8b4de000 	C:\Users\ngcc\.conda\envs\cub\lib\site-packages\matplotlib\_path.cp36-win_amd64.pyd
0x000000006bde0000 - 0x000000006be15000 	C:\Users\ngcc\.conda\envs\cub\DLLs\_elementtree.pyd
0x00007ffb82ab0000 - 0x00007ffb82d44000 	C:\Users\ngcc\.conda\envs\cub\lib\site-packages\PIL\_imaging.cp36-win_amd64.pyd
0x00007ffb82a70000 - 0x00007ffb82aa4000 	C:\Users\ngcc\.conda\envs\cub\lib\site-packages\matplotlib\_image.cp36-win_amd64.pyd
0x00007ffb82a20000 - 0x00007ffb82a61000 	C:\Users\ngcc\.conda\envs\cub\lib\site-packages\matplotlib\backends\_backend_agg.cp36-win_amd64.pyd
0x00007ffba87e0000 - 0x00007ffba87f3000 	C:\Users\ngcc\.conda\envs\cub\DLLs\_tkinter.pyd
0x000000006bc30000 - 0x000000006bdd5000 	C:\Users\ngcc\.conda\envs\cub\DLLs\tcl86t.dll
0x000000006ba40000 - 0x000000006bc24000 	C:\Users\ngcc\.conda\envs\cub\DLLs\tk86t.dll
0x00007ffbee300000 - 0x00007ffbee3da000 	C:\windows\System32\COMDLG32.dll
0x00007ffbef2c0000 - 0x00007ffbef36e000 	C:\windows\System32\shcore.dll
0x00007ffbed8d0000 - 0x00007ffbed8fe000 	C:\windows\SYSTEM32\USERENV.dll
0x00007ffbd6f30000 - 0x00007ffbd6f48000 	C:\windows\SYSTEM32\NETAPI32.dll
0x00007ffbdbfb0000 - 0x00007ffbdc24a000 	C:\windows\WinSxS\amd64_microsoft.windows.common-controls_6595b64144ccf1df_6.0.19041.1110_none_60b5254171f9507e\COMCTL32.dll
0x00007ffbecf50000 - 0x00007ffbecf5c000 	C:\windows\SYSTEM32\NETUTILS.DLL
0x00007ffbe1320000 - 0x00007ffbe1339000 	C:\windows\SYSTEM32\SAMCLI.DLL
0x00007ffbecf60000 - 0x00007ffbecfa2000 	C:\windows\SYSTEM32\LOGONCLI.DLL
0x00007ffbdb2a0000 - 0x00007ffbdb2a8000 	C:\Users\ngcc\.conda\envs\cub\lib\site-packages\matplotlib\backends\_tkagg.cp36-win_amd64.pyd
0x00007ffbef6d0000 - 0x00007ffbef6d8000 	C:\windows\System32\PSAPI.DLL

VM Arguments:
jvm_args: -Dfile.encoding=UTF8 -ea -Xmx1024m 
java_command: <unknown>
java_class_path (initial): C:\Users\ngcc\.conda\envs\cub\lib\site-packages\konlpy\java;C:\Users\ngcc\.conda\envs\cub\lib\site-packages\konlpy\java\bin;C:\Users\ngcc\.conda\envs\cub\lib\site-packages\konlpy\java\*;C:\Users\ngcc\.conda\envs\cub\lib\site-packages\konlpy\java\jhannanum-0.8.4.jar;C:\Users\ngcc\.conda\envs\cub\lib\site-packages\konlpy\java\kkma-2.0.jar;C:\Users\ngcc\.conda\envs\cub\lib\site-packages\konlpy\java\aho-corasick.jar;C:\Users\ngcc\.conda\envs\cub\lib\site-packages\konlpy\java\shineware-common-1.0.jar;C:\Users\ngcc\.conda\envs\cub\lib\site-packages\konlpy\java\shineware-ds-1.0.jar;C:\Users\ngcc\.conda\envs\cub\lib\site-packages\konlpy\java\komoran-3.0.jar;C:\Users\ngcc\.conda\envs\cub\lib\site-packages\konlpy\java\snakeyaml-1.12.jar;C:\Users\ngcc\.conda\envs\cub\lib\site-packages\konlpy\java\scala-library-2.12.3.jar;C:\Users\ngcc\.conda\envs\cub\lib\site-packages\konlpy\java\open-korean-text-2.1.0.jar;C:\Users\ngcc\.conda\envs\cub\lib\site-packages\konlpy\java\twitter-text-1.14.7.jar;C:\Users\ngcc\.conda\envs\cub\lib\site-packages\konlpy\java\*
Launcher Type: generic

Environment Variables:
JAVA_HOME=C:\Program Files\Java\jdk1.8.0_271
PATH=C:\Users\ngcc\.conda\envs\cub;C:\Users\ngcc\.conda\envs\cub\Library\mingw-w64\bin;C:\Users\ngcc\.conda\envs\cub\Library\usr\bin;C:\Users\ngcc\.conda\envs\cub\Library\bin;C:\Users\ngcc\.conda\envs\cub\Scripts;C:\Users\ngcc\.conda\envs\cub\bin;C:\ProgramData\Anaconda3\condabin;C:\Program Files (x86)\Common Files\Oracle\Java\javapath;C:\CUBRID\bin;C:\Windows\system32;C:\Windows;C:\Windows\System32\Wbem;C:\Windows\System32\WindowsPowerShell\v1.0;C:\Windows\System32\OpenSSH;C:\Program Files (x86)\NVIDIA Corporation\PhysX\Common;C:\Program Files\Java\jdk1.8.0_271\bin;E:\Tibero\TmaxData\tibero6\bin;E:\Tibero\TmaxData\tibero6\client\bin;C:\Program Files (x86)\UBM\echelon_agent\EchelonAgentV2.5\jre18_x64\bin;C:\Program Files\TortoiseSVN\bin;C:\Program Files\Git\cmd;C:\python\Python392;C:\python\Python392\Scripts;C:\Users\ngcc\AppData\Local\Microsoft\WindowsApps;C:\Program Files\Bandizip;C:\Program Files\JetBrains\PyCharm 2020.3.3\bin;C:\Program Files\JetBrains\PyCharm Community Edition 2020.3.3\bin;C:\Users\ngcc\AppData\Local\Programs\Microsoft VS Code\bin;C:\Users\ngcc\.conda\envs\cub\lib\site-packages\numpy\.libs;C:\Users\ngcc\.conda\envs\cub\lib\site-packages\scipy\.libs
USERNAME=ngcc
OS=Windows_NT
PROCESSOR_IDENTIFIER=Intel64 Family 6 Model 158 Stepping 13, GenuineIntel



---------------  S Y S T E M  ---------------

OS: Windows 10.0 , 64 bit Build 19041 (10.0.19041.1023)

CPU:total 8 (initial active 8) (8 cores per cpu, 1 threads per core) family 6 model 158 stepping 13, cmov, cx8, fxsr, mmx, sse, sse2, sse3, ssse3, sse4.1, sse4.2, popcnt, avx, avx2, aes, clmul, erms, rtm, 3dnowpref, lzcnt, tsc, tscinvbit, bmi1, bmi2, adx

Memory: 4k page, physical 33510344k(11986096k free), swap 41728932k(5367220k free)

vm_info: Java HotSpot(TM) 64-Bit Server VM (25.271-b09) for windows-amd64 JRE (1.8.0_271-b09), built on Sep 16 2020 19:14:59 by "" with MS VC++ 15.9 (VS2017)

time: Fri Jul 23 15:13:50 2021
timezone: 대한민국 표준시
elapsed time: 50.129169 seconds (0d 0h 0m 50s)

